make all --print-data-base --no-builtin-variables --no-builtin-rules --question
make: *** No rule to make target 'all'.  Stop.

# GNU Make 4.2.1
# Built for aarch64-unknown-linux-gnu
# Copyright (C) 1988-2016 Free Software Foundation, Inc.
# License GPLv3+: GNU GPL version 3 or later <http://gnu.org/licenses/gpl.html>
# This is free software: you are free to change and redistribute it.
# There is NO WARRANTY, to the extent permitted by law.

# Make data base, printed on Mon May 23 16:02:30 2022

# Variables

# automatic
<D = $(patsubst %/,%,$(dir $<))
# automatic
?F = $(notdir $?)
# default
.SHELLFLAGS := -c
# environment
XDG_SESSION_CLASS = user
# environment
VSCODE_AGENT_FOLDER = /home/xspinella/.vscode-server
# environment
XDG_SESSION_TYPE = tty
# environment
VSCODE_LOG_NATIVE = false
# automatic
?D = $(patsubst %/,%,$(dir $?))
# automatic
@D = $(patsubst %/,%,$(dir $@))
# automatic
@F = $(notdir $@)
# default
MAKE_VERSION := 4.2.1
# makefile
CURDIR := /home/xspinella/METR4810-dispenser/TP2
# makefile
SHELL = /bin/sh
# environment
VSCODE_NLS_CONFIG = {"locale":"en","availableLanguages":{}}
# environment
_ = /home/xspinella/.vscode-server/bin/c3511e6c69bb39013c4a4b7b9566ec1ca73fc4d5/node
# makefile (from 'Makefile', line 1)
MAKEFILE_LIST :=  Makefile
# 'override' directive
GNUMAKEFLAGS := 
# environment
XDG_DATA_DIRS = /usr/local/share:/usr/share:/var/lib/snapd/desktop
# environment
DBUS_SESSION_BUS_ADDRESS = unix:path=/run/user/1000/bus
# environment
VSCODE_VERBOSE_LOGGING = true
# environment
LESSOPEN = | /usr/bin/lesspipe %s
# environment
VSCODE_CWD = /home/xspinella
# environment
SSH_CONNECTION = 10.89.122.156 44554 10.89.108.161 22
# environment
PATH = /home/xspinella/.vscode-server/bin/c3511e6c69bb39013c4a4b7b9566ec1ca73fc4d5/bin/remote-cli:/home/xspinella/.local/bin:/home/xspinella/.local/bin:/usr/local/sbin:/usr/local/bin:/usr/sbin:/usr/bin:/sbin:/bin:/usr/games:/usr/local/games:/snap/bin
# environment
XDG_RUNTIME_DIR = /run/user/1000
# environment
UBUNTU_MENUPROXY = 1
# environment
VSCODE_LOG_STACK = false
# environment
VSCODE_IPC_HOOK_CLI = /run/user/1000/vscode-ipc-3c7ba9d7-d74a-4732-ad72-1f1266415e09.sock
# default
.FEATURES := target-specific order-only second-expansion else-if shortest-stem undefine oneshell archives jobserver output-sync check-symlink load
# environment
LS_COLORS = 
# automatic
%F = $(notdir $%)
# environment
VSCODE_PIPE_LOGGING = true
# environment
PWD = /home/xspinella/METR4810-dispenser/TP2
# default
.LOADED := 
# automatic
*D = $(patsubst %/,%,$(dir $*))
# environment
GTK_MODULES = appmenu-gtk-module:appmenu-gtk-module
# environment
VSCODE_AMD_ENTRYPOINT = vs/workbench/api/node/extensionHostProcess
# environment
HOME = /home/xspinella
# environment
LESSCLOSE = /usr/bin/lesspipe %s %s
# environment
LOGNAME = xspinella
# environment
APPLICATION_INSIGHTS_NO_DIAGNOSTIC_CHANNEL = 1
# automatic
+F = $(notdir $+)
# environment
VSCODE_HANDLES_UNCAUGHT_ERRORS = true
# automatic
^D = $(patsubst %/,%,$(dir $^))
# environment
MAKELEVEL := 0
# default
MAKE = $(MAKE_COMMAND)
# default
MAKECMDGOALS := all
# environment
SHLVL = 1
# environment
XDG_SESSION_ID = 5
# environment
USER = xspinella
# makefile (from 'Makefile', line 1)
.DEFAULT_GOAL := Allfiles
# automatic
%D = $(patsubst %/,%,$(dir $%))
# default
MAKE_COMMAND := make
# default
.VARIABLES := 
# automatic
*F = $(notdir $*)
# makefile
MAKEFLAGS = pqrR
# environment
MFLAGS = -pqrR
# environment
SSH_CLIENT = 10.89.122.156 44554 22
# automatic
+D = $(patsubst %/,%,$(dir $+))
# environment
BROWSER = /home/xspinella/.vscode-server/bin/c3511e6c69bb39013c4a4b7b9566ec1ca73fc4d5/bin/helpers/browser.sh
# environment
VSCODE_HANDLES_SIGPIPE = true
# default
MAKEFILES := 
# automatic
<F = $(notdir $<)
# environment
LC_ALL = C
# automatic
^F = $(notdir $^)
# default
SUFFIXES := 
# default
.INCLUDE_DIRS = /usr/include /usr/local/include /usr/include
# default
.RECIPEPREFIX := 
# default
MAKE_HOST := aarch64-unknown-linux-gnu
# environment
LANG = C
# environment
VSCODE_EXTHOST_WILL_SEND_SOCKET = true
# environment
MOTD_SHOWN = pam
# variable set hash-table stats:
# Load=72/1024=7%, Rehash=0, Collisions=9/97=9%

# Pattern-specific Variable Values

# No pattern-specific variable values.

# Directories

# . (device 45826, inode 1047610): 10 files, no impossibilities.

# 10 files, no impossibilities in 1 directories.

# Implicit Rules

# No implicit rules.

# Files

rolltest: Test_Suite/roll_test.c
#  Implicit rule search has not been done.
#  Modification time never checked.
#  File has not been updated.
#  recipe to execute (from 'Makefile', line 29):
	gcc -Wall -pthread -o TestSuiteExec/roll_test $^ -lpigpio -lrt

Allfiles: Functional Test_Suite
#  Implicit rule search has not been done.
#  Modification time never checked.
#  File has not been updated.

# Not a target:
Run_Code/dispenser_lib.c:
#  Implicit rule search has not been done.
#  Modification time never checked.
#  File has not been updated.

# Not a target:
all:
#  Command line target.
#  Implicit rule search has been done.
#  File does not exist.
#  File has not been updated.

mthreading: Test_Suite/multithread_test.c
#  Implicit rule search has not been done.
#  Modification time never checked.
#  File has not been updated.
#  recipe to execute (from 'Makefile', line 26):
	gcc -Wall -pthread -o TestSuiteExec/mt_test $^ -lpigpio -lrt

# Not a target:
Makefile:
#  Implicit rule search has been done.
#  Last modified 2022-05-23 16:00:04.154312875
#  File has been updated.
#  Successfully updated.

# Not a target:
Run_Code/IP_Display.c:
#  Implicit rule search has not been done.
#  Modification time never checked.
#  File has not been updated.

SSDtest: Test_Suite/SSD_test.c Run_Code/dispenser_lib.c
#  Implicit rule search has not been done.
#  Modification time never checked.
#  File has not been updated.
#  recipe to execute (from 'Makefile', line 35):
	gcc -Wall -pthread -o TestSuiteExec/SevSegtest $^ -lpigpio -lrt

# Not a target:
Run_Code/main_code_v2.c:
#  Implicit rule search has not been done.
#  Modification time never checked.
#  File has not been updated.

IPDisp: Run_Code/IP_Display.c Run_Code/dispenser_lib.c
#  Implicit rule search has not been done.
#  Modification time never checked.
#  File has not been updated.
#  recipe to execute (from 'Makefile', line 15):
	gcc -Wall -pthread -o IP_Display $^ -lpigpio -lrt

IR: Test_Suite/In_IRtest.c Run_Code/dispenser_lib.c
#  Implicit rule search has not been done.
#  Modification time never checked.
#  File has not been updated.
#  recipe to execute (from 'Makefile', line 23):
	gcc -Wall -pthread -o TestSuiteExec/In_IRtest $^ -lpigpio -lrt

Test_Suite: detect_tst IR mthreading rolltest doorservo SSDtest stepp
#  Implicit rule search has not been done.
#  Modification time never checked.
#  File has not been updated.

doorservo: Test_Suite/Servo_test.c Run_Code/dispenser_lib.c
#  Implicit rule search has not been done.
#  Modification time never checked.
#  File has not been updated.
#  recipe to execute (from 'Makefile', line 32):
	gcc -Wall -pthread -o TestSuiteExec/Servo_test $^ -lpigpio -lrt

# Not a target:
.DEFAULT:
#  Implicit rule search has not been done.
#  Modification time never checked.
#  File has not been updated.

# Not a target:
Test_Suite/roll_test.c:
#  Implicit rule search has not been done.
#  Modification time never checked.
#  File has not been updated.

stepp: Test_Suite/stepper_ben_test.c
#  Implicit rule search has not been done.
#  Modification time never checked.
#  File has not been updated.
#  recipe to execute (from 'Makefile', line 38):
	gcc -Wall -pthread -o TestSuiteExec/benstep $^ -lpigpio -lrt

Main: Run_Code/main_code_v2.c Run_Code/dispenser_lib.c
#  Implicit rule search has not been done.
#  Modification time never checked.
#  File has not been updated.
#  recipe to execute (from 'Makefile', line 12):
	gcc -Wall -pthread -o RunCodeExec/main2 $^ -lpigpio -lrt

# Not a target:
Test_Suite/SSD_test.c:
#  Implicit rule search has not been done.
#  Modification time never checked.
#  File has not been updated.

# Not a target:
Test_Suite/In_IRtest.c:
#  Implicit rule search has not been done.
#  Modification time never checked.
#  File has not been updated.

# Not a target:
Test_Suite/stepper_ben_test.c:
#  Implicit rule search has not been done.
#  Modification time never checked.
#  File has not been updated.

# Not a target:
Test_Suite/detect_test.c:
#  Implicit rule search has not been done.
#  Modification time never checked.
#  File has not been updated.

# Not a target:
Test_Suite/multithread_test.c:
#  Implicit rule search has not been done.
#  Modification time never checked.
#  File has not been updated.

Functional: Main IPDisp
#  Implicit rule search has not been done.
#  Modification time never checked.
#  File has not been updated.

# Not a target:
Test_Suite/Servo_test.c:
#  Implicit rule search has not been done.
#  Modification time never checked.
#  File has not been updated.

detect_tst: Test_Suite/detect_test.c Run_Code/dispenser_lib.c
#  Implicit rule search has not been done.
#  Modification time never checked.
#  File has not been updated.
#  recipe to execute (from 'Makefile', line 20):
	gcc -Wall -pthread -o TestSuiteExec/detect_test $^ -lpigpio -lrt

# files hash-table stats:
 
# Load=26/1024=3%, Rehash=0, Collisions=2/73=3%
# VPATH Search Paths

# No 'vpath' search paths.

# No general ('VPATH' variable) search path.

# strcache buffers: 1 (0) / strings = 36 / storage = 480 B / avg = 13 B
# current buf: size = 8162 B / used = 480 B / count = 36 / avg = 13 B

# strcache performance: lookups = 69 / hit rate = 47%
# hash-table stats:
# Load=36/8192=0%, Rehash=0, Collisions=1/69=1%
# Finished Make data base on Mon May 23 16:02:30 2022

 
